<?xml version="1.0" encoding="UTF-8"?>
<testng-results ignored="0" total="1" passed="1" failed="0" skipped="0">
  <reporter-output>
  </reporter-output>
  <suite started-at="2024-09-22T11:25:45 IST" name="Suite" finished-at="2024-09-22T11:25:49 IST" duration-ms="4719">
    <groups>
    </groups>
    <test started-at="2024-09-22T11:25:45 IST" name="Test" finished-at="2024-09-22T11:25:49 IST" duration-ms="4719">
      <class name="Maven_session.maven_test">
        <test-method is-config="true" signature="launch()[pri:0, instance:Maven_session.maven_test@76b1e9b8]" started-at="2024-09-22T11:25:45 IST" name="launch" finished-at="2024-09-22T11:25:49 IST" duration-ms="4437" status="PASS">
          <reporter-output>
          </reporter-output>
        </test-method> <!-- launch -->
        <test-method signature="login()[pri:0, instance:Maven_session.maven_test@76b1e9b8]" started-at="2024-09-22T11:25:49 IST" name="login" finished-at="2024-09-22T11:25:49 IST" duration-ms="233" status="PASS">
          <reporter-output>
          </reporter-output>
        </test-method> <!-- login -->
        <test-method is-config="true" signature="close()[pri:0, instance:Maven_session.maven_test@76b1e9b8]" started-at="2024-09-22T11:25:49 IST" name="close" finished-at="2024-09-22T11:25:49 IST" duration-ms="1" status="PASS">
          <reporter-output>
          </reporter-output>
        </test-method> <!-- close -->
      </class> <!-- Maven_session.maven_test -->
    </test> <!-- Test -->
  </suite> <!-- Suite -->
</testng-results>
